2015-01-10T22:05:37.301438+00:00 app[web.1]: npm ERR! node -v v0.10.35
2015-01-10T22:05:37.304403+00:00 app[web.1]: npm ERR! 
2015-01-10T22:05:38.221408+00:00 heroku[web.1]: Process exited with status 1
2015-01-10T22:05:38.232554+00:00 heroku[web.1]: State changed from starting to crashed
2015-01-10T22:12:07.140273+00:00 heroku[api]: Deploy db421ca by kejixu@gmail.com
2015-01-10T22:12:07.140301+00:00 heroku[api]: Release v6 created by kejixu@gmail.com
2015-01-10T22:12:07.452207+00:00 heroku[web.1]: State changed from crashed to starting
2015-01-10T22:12:10.272494+00:00 heroku[web.1]: Starting process with command `npm start`
2015-01-10T22:12:12.352210+00:00 app[web.1]: 
2015-01-10T22:12:12.352233+00:00 app[web.1]: > node server.js
2015-01-10T22:12:12.585505+00:00 app[web.1]:     at Module.require (module.js:364:17)
2015-01-10T22:12:12.583089+00:00 app[web.1]: 
2015-01-10T22:12:12.583674+00:00 app[web.1]:     throw err;
2015-01-10T22:12:12.352231+00:00 app[web.1]: > SmartProperty@0.0.1-1 start /app
2015-01-10T22:12:12.352234+00:00 app[web.1]: 
2015-01-10T22:12:12.585498+00:00 app[web.1]: Error: Cannot find module 'python-shell'
2015-01-10T22:12:12.583683+00:00 app[web.1]:           ^
2015-01-10T22:12:12.585510+00:00 app[web.1]:     at Module._compile (module.js:456:26)
2015-01-10T22:12:12.585501+00:00 app[web.1]:     at Function.Module._resolveFilename (module.js:338:15)
2015-01-10T22:12:12.585508+00:00 app[web.1]:     at Object.<anonymous> (/app/getUTXOs.js:1:81)
2015-01-10T22:12:12.585507+00:00 app[web.1]:     at require (module.js:380:17)
2015-01-10T22:12:12.585502+00:00 app[web.1]:     at Function.Module._load (module.js:280:25)
2015-01-10T22:12:12.585511+00:00 app[web.1]:     at Object.Module._extensions..js (module.js:474:10)
2015-01-10T22:12:12.585513+00:00 app[web.1]:     at Module.load (module.js:356:32)
2015-01-10T22:12:12.585516+00:00 app[web.1]:     at Module.require (module.js:364:17)
2015-01-10T22:12:12.592984+00:00 app[web.1]: 
2015-01-10T22:12:12.585515+00:00 app[web.1]:     at Function.Module._load (module.js:312:12)
2015-01-10T22:12:12.583415+00:00 app[web.1]: module.js:340
2015-01-10T22:12:12.598935+00:00 app[web.1]: npm ERR! SmartProperty@0.0.1-1 start: `node server.js`
2015-01-10T22:12:12.599303+00:00 app[web.1]: npm ERR! 
2015-01-10T22:12:12.599977+00:00 app[web.1]: npm ERR! This is most likely a problem with the SmartProperty package,
2015-01-10T22:12:12.599444+00:00 app[web.1]: npm ERR! Failed at the SmartProperty@0.0.1-1 start script.
2015-01-10T22:12:12.600081+00:00 app[web.1]: npm ERR! not with npm itself.
2015-01-10T22:12:12.600827+00:00 app[web.1]: npm ERR! You can get their info via:
2015-01-10T22:12:12.600298+00:00 app[web.1]: npm ERR!     node server.js
2015-01-10T22:12:12.599143+00:00 app[web.1]: npm ERR! Exit status 8
2015-01-10T22:12:12.600181+00:00 app[web.1]: npm ERR! Tell the author that this fails on your system:
2015-01-10T22:12:12.600947+00:00 app[web.1]: npm ERR!     npm owner ls SmartProperty
2015-01-10T22:12:12.601095+00:00 app[web.1]: npm ERR! There is likely additional logging output above.
2015-01-10T22:12:12.601549+00:00 app[web.1]: npm ERR! cwd /app
2015-01-10T22:12:12.601410+00:00 app[web.1]: npm ERR! command "/app/.heroku/node/bin/node" "/app/.heroku/node/bin/npm" "start"
2015-01-10T22:12:12.601837+00:00 app[web.1]: npm ERR! npm -v 1.4.28
2015-01-10T22:12:12.601278+00:00 app[web.1]: npm ERR! System Linux 3.8.11-ec2
2015-01-10T22:12:12.601681+00:00 app[web.1]: npm ERR! node -v v0.10.35
2015-01-10T22:12:12.604270+00:00 app[web.1]: npm ERR! 
2015-01-10T22:12:12.601965+00:00 app[web.1]: npm ERR! code ELIFECYCLE
2015-01-10T22:12:12.604598+00:00 app[web.1]: npm ERR! Additional logging details can be found in:
2015-01-10T22:12:12.604710+00:00 app[web.1]: npm ERR!     /app/npm-debug.log
2015-01-10T22:12:12.604924+00:00 app[web.1]: npm ERR! not ok code 0
2015-01-10T22:12:13.442122+00:00 heroku[web.1]: Process exited with status 1
2015-01-10T22:12:13.461228+00:00 heroku[web.1]: State changed from starting to crashed
2015-01-10T22:12:19.490437+00:00 heroku[router]: at=error code=H10 desc="App crashed" method=GET path="/" host=thawing-mesa-8126.herokuapp.com request_id=2817ceac-fc5a-462c-bb24-bcca441d0615 fwd="140.180.244.132" dyno= connect= service= status=503 bytes=
2015-01-10T22:12:20.189556+00:00 heroku[router]: at=error code=H10 desc="App crashed" method=GET path="/favicon.ico" host=thawing-mesa-8126.herokuapp.com request_id=e1aaab45-773d-4b52-9a5c-f3081223d654 fwd="140.180.244.132" dyno= connect= service= status=503 bytes=
2015-01-10T22:12:20.089603+00:00 heroku[router]: at=error code=H10 desc="App crashed" method=GET path="/favicon.ico" host=thawing-mesa-8126.herokuapp.com request_id=e0fc4853-bba9-44cd-8616-c8c202432a1d fwd="140.180.244.132" dyno= connect= service= status=503 bytes=
2015-01-10T22:14:27.689801+00:00 heroku[api]: Deploy fcded0e by kejixu@gmail.com
2015-01-10T22:14:27.689801+00:00 heroku[api]: Release v7 created by kejixu@gmail.com
2015-01-10T22:14:27.788238+00:00 heroku[web.1]: State changed from crashed to starting
2015-01-10T22:14:29.485973+00:00 heroku[web.1]: Starting process with command `npm start`
2015-01-10T22:14:30.506292+00:00 app[web.1]: 
2015-01-10T22:14:30.506311+00:00 app[web.1]: > SmartProperty@0.0.1-1 start /app
2015-01-10T22:14:30.506313+00:00 app[web.1]: > node server.js
2015-01-10T22:14:30.729133+00:00 app[web.1]:     throw err;
2015-01-10T22:14:30.506315+00:00 app[web.1]: 
2015-01-10T22:14:30.728510+00:00 app[web.1]: 
2015-01-10T22:14:30.730833+00:00 app[web.1]: Error: Cannot find module 'bitcore'
2015-01-10T22:14:30.729141+00:00 app[web.1]:           ^
2015-01-10T22:14:30.730835+00:00 app[web.1]:     at Function.Module._resolveFilename (module.js:338:15)
2015-01-10T22:14:30.730839+00:00 app[web.1]:     at Module.require (module.js:364:17)
2015-01-10T22:14:30.730837+00:00 app[web.1]:     at Function.Module._load (module.js:280:25)
2015-01-10T22:14:30.730841+00:00 app[web.1]:     at require (module.js:380:17)
2015-01-10T22:14:30.730842+00:00 app[web.1]:     at Object.<anonymous> (/app/server.js:6:17)
2015-01-10T22:14:30.730845+00:00 app[web.1]:     at Object.Module._extensions..js (module.js:474:10)
2015-01-10T22:14:30.730847+00:00 app[web.1]:     at Module.load (module.js:356:32)
2015-01-10T22:14:30.750949+00:00 app[web.1]: npm ERR!     /app/npm-debug.log
2015-01-10T22:14:30.730844+00:00 app[web.1]:     at Module._compile (module.js:456:26)
2015-01-10T22:14:30.730848+00:00 app[web.1]:     at Function.Module._load (module.js:312:12)
2015-01-10T22:14:30.730850+00:00 app[web.1]:     at Function.Module.runMain (module.js:497:10)
2015-01-10T22:14:30.737694+00:00 app[web.1]: 
2015-01-10T22:14:30.750817+00:00 app[web.1]: npm ERR! Additional logging details can be found in:
2015-01-10T22:14:30.751129+00:00 app[web.1]: npm ERR! not ok code 0
2015-01-10T22:14:30.744010+00:00 app[web.1]: npm ERR! SmartProperty@0.0.1-1 start: `node server.js`
2015-01-10T22:14:30.744376+00:00 app[web.1]: npm ERR! 
2015-01-10T22:14:30.746389+00:00 app[web.1]: npm ERR! You can get their info via:
2015-01-10T22:14:30.728852+00:00 app[web.1]: module.js:340
2015-01-10T22:14:30.746594+00:00 app[web.1]: npm ERR!     npm owner ls SmartProperty
2015-01-10T22:14:30.746786+00:00 app[web.1]: npm ERR! There is likely additional logging output above.
2015-01-10T22:14:30.747403+00:00 app[web.1]: npm ERR! command "/app/.heroku/node/bin/node" "/app/.heroku/node/bin/npm" "start"
2015-01-10T22:14:30.747552+00:00 app[web.1]: npm ERR! cwd /app
2015-01-10T22:14:30.744218+00:00 app[web.1]: npm ERR! Exit status 8
2015-01-10T22:14:30.747257+00:00 app[web.1]: npm ERR! System Linux 3.8.11-ec2
2015-01-10T22:14:30.750346+00:00 app[web.1]: npm ERR! 
2015-01-10T22:14:30.747689+00:00 app[web.1]: npm ERR! node -v v0.10.35
2015-01-10T22:14:30.744485+00:00 app[web.1]: npm ERR! Failed at the SmartProperty@0.0.1-1 start script.
2015-01-10T22:14:30.745319+00:00 app[web.1]: npm ERR! This is most likely a problem with the SmartProperty package,
2015-01-10T22:14:30.745489+00:00 app[web.1]: npm ERR! not with npm itself.
2015-01-10T22:14:30.747871+00:00 app[web.1]: npm ERR! npm -v 1.4.28
2015-01-10T22:14:30.748120+00:00 app[web.1]: npm ERR! code ELIFECYCLE
2015-01-10T22:14:30.745591+00:00 app[web.1]: npm ERR! Tell the author that this fails on your system:
2015-01-10T22:14:30.745789+00:00 app[web.1]: npm ERR!     node server.js
2015-01-10T22:14:31.482194+00:00 heroku[web.1]: State changed from starting to crashed
2015-01-10T22:14:31.450890+00:00 heroku[web.1]: Process exited with status 1
